
Showing logs for build [32mcb-kubecd-bdd-gh-1585156717-pr-l6pmj-1[0m stage [32mfrom-build-pack[0m and container [32mstep-credential-initializer-lcdv5[0m
{"level":"warn","ts":1585157629.9349174,"logger":"fallback-logger","caller":"logging/config.go:69","msg":"Fetch GitHub commit ID from kodata failed: \"ref: refs/heads/0.8.0-**-support-backwards-incompats\" is not a valid GitHub commit ID"}
{"level":"info","ts":1585157629.9352057,"logger":"fallback-logger","caller":"creds-init/main.go:40","msg":"Credentials initialized."}

Showing logs for build [32mcb-kubecd-bdd-gh-1585156717-pr-l6pmj-1[0m stage [32mfrom-build-pack[0m and container [32mstep-working-dir-initializer-z9bsx[0m
{"level":"warn","ts":1585157630.223654,"logger":"fallback-logger","caller":"logging/config.go:69","msg":"Fetch GitHub commit ID from kodata failed: open /var/run/ko/HEAD: no such file or directory"}
{"level":"info","ts":1585157630.2245297,"logger":"fallback-logger","caller":"bash/main.go:64","msg":"Successfully executed command \"sh -c mkdir -p /workspace/source\"; output "}

Showing logs for build [32mcb-kubecd-bdd-gh-1585156717-pr-l6pmj-1[0m stage [32mfrom-build-pack[0m and container [32mstep-place-tools[0m

Showing logs for build [32mcb-kubecd-bdd-gh-1585156717-pr-l6pmj-1[0m stage [32mfrom-build-pack[0m and container [32mstep-git-source-cb-kubecd-bdd-gh-1585156717-pr-l6pmj-gfjd7[0m
{"level":"warn","ts":1585157635.3223276,"logger":"fallback-logger","caller":"logging/config.go:69","msg":"Fetch GitHub commit ID from kodata failed: \"ref: refs/heads/0.8.0-**-support-backwards-incompats\" is not a valid GitHub commit ID"}
{"level":"info","ts":1585157635.4908772,"logger":"fallback-logger","caller":"git/git.go:103","msg":"Successfully cloned https://github.com/cb-kubecd/bdd-gh-1585156717.git @ master in path /workspace/source"}

Showing logs for build [32mcb-kubecd-bdd-gh-1585156717-pr-l6pmj-1[0m stage [32mfrom-build-pack[0m and container [32mstep-git-merge[0m
Using SHAs from PULL_REFS=master:0c137b35399d0ee3da5d8bbe66f148d2226c2fd6,1:c9cec3bb58b7aeb5e4d5b157fffa7af4c2f57c7f
DEBUG: LC_ALL=C JX_LOG_LEVEL=error git fetch origin --unshallow c9cec3bb58b7aeb5e4d5b157fffa7af4c2f57c7f: 0c137b35399d0ee3da5d8bbe66f148d2226c2fd6:
DEBUG: ran git fetch --unshallow origin c9cec3bb58b7aeb5e4d5b157fffa7af4c2f57c7f: 0c137b35399d0ee3da5d8bbe66f148d2226c2fd6: in 
DEBUG: JX_LOG_LEVEL=error LC_ALL=C git branch
DEBUG: JX_LOG_LEVEL=error LC_ALL=C git checkout master
DEBUG: ran git checkout master in 
DEBUG: LC_ALL=C JX_LOG_LEVEL=error git reset --hard 0c137b35399d0ee3da5d8bbe66f148d2226c2fd6
DEBUG: ran git reset --hard 0c137b35399d0ee3da5d8bbe66f148d2226c2fd6 in 
DEBUG: JX_LOG_LEVEL=error LC_ALL=C git clean -fd .
DEBUG: ran clean --force -d . in 
DEBUG: LC_ALL=C JX_LOG_LEVEL=error git merge c9cec3bb58b7aeb5e4d5b157fffa7af4c2f57c7f
DEBUG: ran git merge c9cec3bb58b7aeb5e4d5b157fffa7af4c2f57c7f in 
DEBUG: LC_ALL=C JX_LOG_LEVEL=error git log --format=%H%x1f%an%x1f%ae%x1f%cn%x1f%ce%x1f%s%n%b%x1e 0c137b35399d0ee3da5d8bbe66f148d2226c2fd6..HEAD
Merged SHA c9cec3bb58b7aeb5e4d5b157fffa7af4c2f57c7f with commit message 'My first PR commit' into base branch master

Showing logs for build [32mcb-kubecd-bdd-gh-1585156717-pr-l6pmj-1[0m stage [32mfrom-build-pack[0m and container [32mstep-build-make-linux[0m
CGO_ENABLED=0 GOOS=linux GOARCH=amd64 GO15VENDOREXPERIMENT=1 go build -ldflags '' -o bin/bdd-gh-1585156717 main.go

Showing logs for build [32mcb-kubecd-bdd-gh-1585156717-pr-l6pmj-1[0m stage [32mfrom-build-pack[0m and container [32mstep-build-container-build[0m
[36mINFO[0m[0000] No base image, nothing to extract            
[36mINFO[0m[0000] cmd: EXPOSE                                  
[36mINFO[0m[0000] Adding exposed port: 8080/tcp                
[36mINFO[0m[0000] Using files from context: [/workspace/source/bin] 
[36mINFO[0m[0000] Skipping unpacking as no commands require it. 
[36mINFO[0m[0000] Taking snapshot of full filesystem...        
[36mINFO[0m[0000] EXPOSE 8080                                  
[36mINFO[0m[0000] cmd: EXPOSE                                  
[36mINFO[0m[0000] Adding exposed port: 8080/tcp                
[36mINFO[0m[0000] No files changed in this command, skipping snapshotting. 
[36mINFO[0m[0000] ENTRYPOINT ["/bdd-gh-1585156717"]            
[36mINFO[0m[0000] No files changed in this command, skipping snapshotting. 
[36mINFO[0m[0000] Using files from context: [/workspace/source/bin] 
[36mINFO[0m[0000] COPY ./bin/ /                                
[36mINFO[0m[0000] Taking snapshot of files...                  
2020/03/25 17:34:07 pushed blob: sha256:a3cc85c531628b31a3c7f2db21930e38bed5a5f7d9bc7776c291d93b4491e686
2020/03/25 17:34:08 pushed blob: sha256:a256188e78e536e9a468a2fbe03f2d7f7fdfb8e0b7700e7ea85af04a56ba07f8
2020/03/25 17:34:08 296178596335.dkr.ecr.us-east-1.amazonaws.com/cb-kubecd/bdd-gh-1585156717:0.0.0-SNAPSHOT-PR-1-1: digest: sha256:474a6e02e06fcb887f87b765dd2c8118ecf2bca2d16238d03f4f11ad8886b94a size: 428

Showing logs for build [32mcb-kubecd-bdd-gh-1585156717-pr-l6pmj-1[0m stage [32mfrom-build-pack[0m and container [32mstep-postbuild-post-build[0m
no CVE provider running in the current ** namespace so skip adding image to be analysed

Showing logs for build [32mcb-kubecd-bdd-gh-1585156717-pr-l6pmj-1[0m stage [32mfrom-build-pack[0m and container [32mstep-promote-make-preview[0m
sed -i -e "s/version:.*/version: 0.0.0-SNAPSHOT-PR-1-1/" Chart.yaml
sed -i -e "s/version:.*/version: 0.0.0-SNAPSHOT-PR-1-1/" ../*/Chart.yaml
sed -i -e "s|repository:.*|repository: 296178596335.dkr.ecr.us-east-1.amazonaws.com\/cb-kubecd\/bdd-gh-1585156717|" values.yaml
sed -i -e "s/tag:.*/tag: 0.0.0-SNAPSHOT-PR-1-1/" values.yaml
echo "  version: 0.0.0-SNAPSHOT-PR-1-1" >> requirements.yaml
** step helm build
WARNING: No $CHART_REPOSITORY defined so using the default value of: http://jenkins-x-chartmuseum:8080
Adding missing Helm repo: storage.googleapis.com https://storage.googleapis.com/chartmuseum.jenkins-x.io
WARNING: No secrets found on "helm/repos" due: reading the secret "helm/repos" from vault: no secret "helm/repos" not found in vault
Read credentials for https://storage.googleapis.com/chartmuseum.jenkins-x.io from vault helm/repos
Successfully added Helm repository storage.googleapis.com.
Adding missing Helm repo: jenkins-x-chartmuseum http://jenkins-x-chartmuseum:8080
WARNING: No secrets found on "helm/repos" due: reading the secret "helm/repos" from vault: no secret "helm/repos" not found in vault
Read credentials for http://jenkins-x-chartmuseum:8080 from vault helm/repos
Successfully added Helm repository jenkins-x-chartmuseum.
WARNING: No $CHART_REPOSITORY defined so using the default value of: http://jenkins-x-chartmuseum:8080
Adding missing Helm repo: chartmuseum.jenkins-x.io http://chartmuseum.jenkins-x.io
WARNING: No secrets found on "helm/repos" due: reading the secret "helm/repos" from vault: no secret "helm/repos" not found in vault
Read credentials for http://chartmuseum.jenkins-x.io from vault helm/repos
Successfully added Helm repository chartmuseum.jenkins-x.io.

Showing logs for build [32mcb-kubecd-bdd-gh-1585156717-pr-l6pmj-1[0m stage [32mfrom-build-pack[0m and container [32mstep-promote-jx-preview[0m
Creating a preview
Created environment cb-kubecd-bdd-gh-1585156717-pr-1
Namespace **-cb-kubecd-bdd-gh-1585156717-pr-1 created 
expose:
  Annotations:
    helm.sh/hook: post-install,post-upgrade
    helm.sh/hook-delete-policy: hook-succeeded
  config:
    domain: 3.210.44.241.nip.io
    exposer: Ingress
    http: "true"
preview:
  image:
    repository: 296178596335.dkr.ecr.us-east-1.amazonaws.com/cb-kubecd/bdd-gh-1585156717
    tag: 0.0.0-SNAPSHOT-PR-1-1

Updating PipelineActivities cb-kubecd-bdd-gh-1585156717-pr-1-1 which has status 
Preview application is now available at: http://bdd-gh-1585156717.**-cb-kubecd-bdd-gh-1585156717-pr-1.3.210.44.241.nip.io
